[INFO  - 2018-08-31T04:11:46.522Z] GhostDriver - Main - running on port 52887
[INFO  - 2018-08-31T04:11:47.374Z] Session [fa6378a0-acd3-11e8-aff2-b50b69f3e3ad] - page.settings - {"XSSAuditingEnabled":false,"javascriptCanCloseWindows":true,"javascriptCanOpenWindows":true,"javascriptEnabled":true,"loadImages":true,"localToRemoteUrlAccessEnabled":false,"userAgent":"Mozilla/5.0 (Macintosh; Intel Mac OS X) AppleWebKit/538.1 (KHTML, like Gecko) PhantomJS/2.1.1 Safari/538.1","webSecurityEnabled":true}
[INFO  - 2018-08-31T04:11:47.374Z] Session [fa6378a0-acd3-11e8-aff2-b50b69f3e3ad] - page.customHeaders:  - {"Accept":"text/html,application/xhtml+xml,application/xml;q=0.9,image/webp,image/apng,*/*;q=0.8","Accept-Language":"zh-CN,zh;q=0.8,en;q=0.6,ja;q=0.4","Cache-Control":"max-age=0","Connection":"keep-alive","Referer":"http://www.ziroom.com/?utm_source=pinzhuan&utm_medium=baidu&utm_campaign=biaoti","User-Agent":"Mozilla/5.0 (Macintosh; Intel Mac OS X 10_11_6) AppleWebKit/537.36 (KHTML, like Gecko) Chrome/59.0.3071.115 Safari/537.36"}
[INFO  - 2018-08-31T04:11:47.374Z] Session [fa6378a0-acd3-11e8-aff2-b50b69f3e3ad] - Session.negotiatedCapabilities - {"browserName":"phantomjs","version":"2.1.1","driverName":"ghostdriver","driverVersion":"1.2.0","platform":"mac-unknown-64bit","javascriptEnabled":true,"takesScreenshot":true,"handlesAlerts":false,"databaseEnabled":false,"locationContextEnabled":false,"applicationCacheEnabled":false,"browserConnectionEnabled":false,"cssSelectorsEnabled":true,"webStorageEnabled":false,"rotatable":false,"acceptSslCerts":false,"nativeEvents":true,"proxy":{"proxyType":"direct"},"phantomjs.page.customHeaders.Accept":"text/html,application/xhtml+xml,application/xml;q=0.9,image/webp,image/apng,*/*;q=0.8","phantomjs.page.customHeaders.Accept-Language":"zh-CN,zh;q=0.8,en;q=0.6,ja;q=0.4","phantomjs.page.customHeaders.Cache-Control":"max-age=0","phantomjs.page.customHeaders.User-Agent":"Mozilla/5.0 (Macintosh; Intel Mac OS X 10_11_6) AppleWebKit/537.36 (KHTML, like Gecko) Chrome/59.0.3071.115 Safari/537.36","phantomjs.page.customHeaders.Connection":"keep-alive","phantomjs.page.customHeaders.Referer":"http://www.ziroom.com/?utm_source=pinzhuan&utm_medium=baidu&utm_campaign=biaoti"}
[INFO  - 2018-08-31T04:11:47.374Z] SessionManagerReqHand - _postNewSessionCommand - New Session Created: fa6378a0-acd3-11e8-aff2-b50b69f3e3ad
[ERROR - 2018-08-31T04:11:48.038Z] Session [fa6378a0-acd3-11e8-aff2-b50b69f3e3ad] - page.onError - msg: TypeError: null is not an object (evaluating 'e.style')

  phantomjs://platform/console++.js:263 in error
[ERROR - 2018-08-31T04:11:48.039Z] Session [fa6378a0-acd3-11e8-aff2-b50b69f3e3ad] - page.onError - stack:
  notNeeded (http://s.c.yinyuetai.com/201805141552/js/common.js:23)
  FastClick (http://s.c.yinyuetai.com/201805141552/js/common.js:23)
  attach (http://s.c.yinyuetai.com/201805141552/js/common.js:23)
  (anonymous function) (http://s.c.yinyuetai.com/201805141552/js/common.js:23)
  execCb (http://s.c.yinyuetai.com/v2/js/require.2.1.9-jquery.1.10.2-underscore.1.5.2-backbone.1.0.0.js:15)
  check (http://s.c.yinyuetai.com/v2/js/require.2.1.9-jquery.1.10.2-underscore.1.5.2-backbone.1.0.0.js:15)
  enable (http://s.c.yinyuetai.com/v2/js/require.2.1.9-jquery.1.10.2-underscore.1.5.2-backbone.1.0.0.js:15)
  init (http://s.c.yinyuetai.com/v2/js/require.2.1.9-jquery.1.10.2-underscore.1.5.2-backbone.1.0.0.js:15)
  (anonymous function) (http://s.c.yinyuetai.com/v2/js/require.2.1.9-jquery.1.10.2-underscore.1.5.2-backbone.1.0.0.js:15)

  phantomjs://platform/console++.js:263 in error
[ERROR - 2018-08-31T04:11:48.870Z] Session [fa6378a0-acd3-11e8-aff2-b50b69f3e3ad] - page.onError - msg: TypeError: undefined is not a constructor (evaluating '_p.videoNode.play()')

  phantomjs://platform/console++.js:263 in error
[ERROR - 2018-08-31T04:11:48.870Z] Session [fa6378a0-acd3-11e8-aff2-b50b69f3e3ad] - page.onError - stack:
  setFiles (http://s.c.yinyuetai.com/201805141552/js/modules/yinyuetai/player/h5/player.js:1)
  setFiles (http://s.c.yinyuetai.com/201805141552/js/modules/yinyuetai/player/h5/player.js:1)
  startPlayVideo (http://s.c.yinyuetai.com/201805141552/js/modules/yinyuetai/player/h5/h5-mvplayer.js:1)
  (anonymous function) (http://s.c.yinyuetai.com/201805141552/js/modules/yinyuetai/player/h5/h5-mvplayer.js:1)
  success (http://s.c.yinyuetai.com/201805141552/js/modules/yinyuetai/player/h5/h5-mvplayer.js:1)
  l (http://s.c.yinyuetai.com/v2/js/require.2.1.9-jquery.1.10.2-underscore.1.5.2-backbone.1.0.0.js:15)
  fireWith (http://s.c.yinyuetai.com/v2/js/require.2.1.9-jquery.1.10.2-underscore.1.5.2-backbone.1.0.0.js:15)
  N (http://s.c.yinyuetai.com/v2/js/require.2.1.9-jquery.1.10.2-underscore.1.5.2-backbone.1.0.0.js:15)
  onreadystatechange (http://s.c.yinyuetai.com/v2/js/require.2.1.9-jquery.1.10.2-underscore.1.5.2-backbone.1.0.0.js:15)

  phantomjs://platform/console++.js:263 in error
